<?xml version="1.0" encoding="UTF-8"?>
<!-- Generated by org.testng.reporters.JUnitReportReporter -->
<testsuite skipped="0" hostname="LAPTOP-EEPQSSKV" name="TestZenLabs.TestNgAnnotation.TestNgAnnotations" tests="2" failures="0" timestamp="08 Aug 2020 11:55:52 GMT" time="0.015" errors="0">
  <testcase name="fun1" time="0.008" classname="TestZenLabs.TestNgAnnotation.TestNgAnnotations"/>
  <testcase name="fun2" time="0.007" classname="TestZenLabs.TestNgAnnotation.TestNgAnnotations"/>
</testsuite> <!-- TestZenLabs.TestNgAnnotation.TestNgAnnotations -->
